{"C:\\Users\\gabri\\Documents\\coder\\entregaBack-3\\src\\server.js": {"path":"C:\\Users\\gabri\\Documents\\coder\\entregaBack-3\\src\\server.js","statementMap":{"0":{"start":{"line":1,"column":16},"end":{"line":1,"column":34}},"1":{"start":{"line":2,"column":23},"end":{"line":2,"column":60}},"2":{"start":{"line":4,"column":12},"end":{"line":4,"column":21}},"3":{"start":{"line":5,"column":13},"end":{"line":5,"column":37}},"4":{"start":{"line":7,"column":0},"end":{"line":7,"column":24}},"5":{"start":{"line":8,"column":0},"end":{"line":8,"column":42}},"6":{"start":{"line":10,"column":0},"end":{"line":14,"column":1}},"7":{"start":{"line":11,"column":2},"end":{"line":13,"column":5}},"8":{"start":{"line":12,"column":4},"end":{"line":12,"column":57}},"9":{"start":{"line":16,"column":0},"end":{"line":16,"column":21}}},"fnMap":{"0":{"name":"(anonymous_0)","decl":{"start":{"line":11,"column":19},"end":{"line":11,"column":20}},"loc":{"start":{"line":11,"column":25},"end":{"line":13,"column":3}},"line":11}},"branchMap":{"0":{"loc":{"start":{"line":5,"column":13},"end":{"line":5,"column":37}},"type":"binary-expr","locations":[{"start":{"line":5,"column":13},"end":{"line":5,"column":29}},{"start":{"line":5,"column":33},"end":{"line":5,"column":37}}],"line":5},"1":{"loc":{"start":{"line":10,"column":0},"end":{"line":14,"column":1}},"type":"if","locations":[{"start":{"line":10,"column":0},"end":{"line":14,"column":1}},{"start":{},"end":{}}],"line":10}},"s":{"0":1,"1":1,"2":1,"3":1,"4":1,"5":1,"6":1,"7":0,"8":0,"9":1},"f":{"0":0},"b":{"0":[1,1],"1":[0,1]},"_coverageSchema":"1a1c01bbd47fc00a2c39e90264f33305004495a9","hash":"90962899b784e705ba9f29fd17c3a3e0572439d0"}
,"C:\\Users\\gabri\\Documents\\coder\\entregaBack-3\\src\\adoption\\adoption.controller.js": {"path":"C:\\Users\\gabri\\Documents\\coder\\entregaBack-3\\src\\adoption\\adoption.controller.js","statementMap":{"0":{"start":{"line":1,"column":22},"end":{"line":1,"column":49}},"1":{"start":{"line":3,"column":15},"end":{"line":10,"column":1}},"2":{"start":{"line":4,"column":2},"end":{"line":9,"column":3}},"3":{"start":{"line":5,"column":22},"end":{"line":5,"column":48}},"4":{"start":{"line":6,"column":4},"end":{"line":6,"column":43}},"5":{"start":{"line":8,"column":4},"end":{"line":8,"column":73}},"6":{"start":{"line":12,"column":15},"end":{"line":25,"column":1}},"7":{"start":{"line":13,"column":28},"end":{"line":13,"column":36}},"8":{"start":{"line":15,"column":2},"end":{"line":17,"column":3}},"9":{"start":{"line":16,"column":4},"end":{"line":16,"column":78}},"10":{"start":{"line":19,"column":2},"end":{"line":24,"column":3}},"11":{"start":{"line":20,"column":19},"end":{"line":20,"column":64}},"12":{"start":{"line":21,"column":4},"end":{"line":21,"column":40}},"13":{"start":{"line":23,"column":4},"end":{"line":23,"column":73}},"14":{"start":{"line":27,"column":16},"end":{"line":39,"column":1}},"15":{"start":{"line":28,"column":2},"end":{"line":38,"column":3}},"16":{"start":{"line":29,"column":16},"end":{"line":29,"column":59}},"17":{"start":{"line":31,"column":4},"end":{"line":33,"column":5}},"18":{"start":{"line":32,"column":6},"end":{"line":32,"column":70}},"19":{"start":{"line":35,"column":4},"end":{"line":35,"column":37}},"20":{"start":{"line":37,"column":4},"end":{"line":37,"column":73}},"21":{"start":{"line":41,"column":0},"end":{"line":41,"column":45}}},"fnMap":{"0":{"name":"(anonymous_0)","decl":{"start":{"line":3,"column":15},"end":{"line":3,"column":16}},"loc":{"start":{"line":3,"column":35},"end":{"line":10,"column":1}},"line":3},"1":{"name":"(anonymous_1)","decl":{"start":{"line":12,"column":15},"end":{"line":12,"column":16}},"loc":{"start":{"line":12,"column":35},"end":{"line":25,"column":1}},"line":12},"2":{"name":"(anonymous_2)","decl":{"start":{"line":27,"column":16},"end":{"line":27,"column":17}},"loc":{"start":{"line":27,"column":36},"end":{"line":39,"column":1}},"line":27}},"branchMap":{"0":{"loc":{"start":{"line":15,"column":2},"end":{"line":17,"column":3}},"type":"if","locations":[{"start":{"line":15,"column":2},"end":{"line":17,"column":3}},{"start":{},"end":{}}],"line":15},"1":{"loc":{"start":{"line":15,"column":6},"end":{"line":15,"column":47}},"type":"binary-expr","locations":[{"start":{"line":15,"column":6},"end":{"line":15,"column":25}},{"start":{"line":15,"column":29},"end":{"line":15,"column":47}}],"line":15},"2":{"loc":{"start":{"line":31,"column":4},"end":{"line":33,"column":5}},"type":"if","locations":[{"start":{"line":31,"column":4},"end":{"line":33,"column":5}},{"start":{},"end":{}}],"line":31}},"s":{"0":1,"1":1,"2":2,"3":2,"4":1,"5":1,"6":1,"7":3,"8":3,"9":1,"10":2,"11":2,"12":1,"13":1,"14":1,"15":3,"16":3,"17":2,"18":1,"19":1,"20":1,"21":1},"f":{"0":2,"1":3,"2":3},"b":{"0":[1,2],"1":[3,2],"2":[1,1]},"_coverageSchema":"1a1c01bbd47fc00a2c39e90264f33305004495a9","hash":"e58f1d518807fbf7453f67164260750c8546f148"}
,"C:\\Users\\gabri\\Documents\\coder\\entregaBack-3\\src\\adoption\\adoption.model.js": {"path":"C:\\Users\\gabri\\Documents\\coder\\entregaBack-3\\src\\adoption\\adoption.model.js","statementMap":{"0":{"start":{"line":1,"column":22},"end":{"line":5,"column":1}},"1":{"start":{"line":2,"column":20},"end":{"line":2,"column":22}},"2":{"start":{"line":3,"column":27},"end":{"line":3,"column":65}},"3":{"start":{"line":4,"column":24},"end":{"line":4,"column":28}},"4":{"start":{"line":7,"column":0},"end":{"line":7,"column":31}}},"fnMap":{"0":{"name":"(anonymous_0)","decl":{"start":{"line":2,"column":8},"end":{"line":2,"column":9}},"loc":{"start":{"line":2,"column":20},"end":{"line":2,"column":22}},"line":2},"1":{"name":"(anonymous_1)","decl":{"start":{"line":3,"column":10},"end":{"line":3,"column":11}},"loc":{"start":{"line":3,"column":27},"end":{"line":3,"column":65}},"line":3},"2":{"name":"(anonymous_2)","decl":{"start":{"line":4,"column":12},"end":{"line":4,"column":13}},"loc":{"start":{"line":4,"column":24},"end":{"line":4,"column":28}},"line":4}},"branchMap":{},"s":{"0":1,"1":0,"2":0,"3":0,"4":1},"f":{"0":0,"1":0,"2":0},"b":{},"_coverageSchema":"1a1c01bbd47fc00a2c39e90264f33305004495a9","hash":"4a7251b6922b122d4f5b60fc7fa4f31379b53be1"}
,"C:\\Users\\gabri\\Documents\\coder\\entregaBack-3\\src\\adoption\\adoption.router.js": {"path":"C:\\Users\\gabri\\Documents\\coder\\entregaBack-3\\src\\adoption\\adoption.router.js","statementMap":{"0":{"start":{"line":1,"column":16},"end":{"line":1,"column":34}},"1":{"start":{"line":2,"column":27},"end":{"line":2,"column":59}},"2":{"start":{"line":4,"column":15},"end":{"line":4,"column":31}},"3":{"start":{"line":6,"column":0},"end":{"line":6,"column":43}},"4":{"start":{"line":7,"column":0},"end":{"line":7,"column":44}},"5":{"start":{"line":8,"column":0},"end":{"line":8,"column":47}},"6":{"start":{"line":10,"column":0},"end":{"line":10,"column":24}}},"fnMap":{},"branchMap":{},"s":{"0":1,"1":1,"2":1,"3":1,"4":1,"5":1,"6":1},"f":{},"b":{},"_coverageSchema":"1a1c01bbd47fc00a2c39e90264f33305004495a9","hash":"83a32fdfc5907fd84043c035957d3e66e298e204"}
}
