TN:
SF:src\server.js
FN:11,(anonymous_0)
FNF:1
FNH:0
FNDA:0,(anonymous_0)
DA:1,1
DA:2,1
DA:4,1
DA:5,1
DA:7,1
DA:8,1
DA:10,1
DA:11,0
DA:12,0
DA:16,1
LF:10
LH:8
BRDA:5,0,0,1
BRDA:5,0,1,1
BRDA:10,1,0,0
BRDA:10,1,1,1
BRF:4
BRH:3
end_of_record
TN:
SF:src\adoption\adoption.controller.js
FN:3,(anonymous_0)
FN:12,(anonymous_1)
FN:27,(anonymous_2)
FNF:3
FNH:3
FNDA:2,(anonymous_0)
FNDA:3,(anonymous_1)
FNDA:3,(anonymous_2)
DA:1,1
DA:3,1
DA:4,2
DA:5,2
DA:6,1
DA:8,1
DA:12,1
DA:13,3
DA:15,3
DA:16,1
DA:19,2
DA:20,2
DA:21,1
DA:23,1
DA:27,1
DA:28,3
DA:29,3
DA:31,2
DA:32,1
DA:35,1
DA:37,1
DA:41,1
LF:22
LH:22
BRDA:15,0,0,1
BRDA:15,0,1,2
BRDA:15,1,0,3
BRDA:15,1,1,2
BRDA:31,2,0,1
BRDA:31,2,1,1
BRF:6
BRH:6
end_of_record
TN:
SF:src\adoption\adoption.model.js
FN:2,(anonymous_0)
FN:3,(anonymous_1)
FN:4,(anonymous_2)
FNF:3
FNH:0
FNDA:0,(anonymous_0)
FNDA:0,(anonymous_1)
FNDA:0,(anonymous_2)
DA:1,1
DA:2,0
DA:3,0
DA:4,0
DA:7,1
LF:5
LH:2
BRF:0
BRH:0
end_of_record
TN:
SF:src\adoption\adoption.router.js
FNF:0
FNH:0
DA:1,1
DA:2,1
DA:4,1
DA:6,1
DA:7,1
DA:8,1
DA:10,1
LF:7
LH:7
BRF:0
BRH:0
end_of_record
